<?xml version="1.0" encoding="UTF-8"?>
<!-- Generated by org.testng.reporters.JUnitXMLReporter -->
<testsuite ignored="0" hostname="Smita" failures="2" tests="2" name="Surefire test" time="0.944" errors="0" timestamp="2025-02-06T20:51:54 IST">
  <testcase classname="io.cucumber.testng.AbstractTestNGCucumberTests" name="runScenario" time="0.332">
    <failure type="java.lang.NullPointerException" message="Cannot invoke &amp;quot;org.openqa.selenium.WebDriver.findElement(org.openqa.selenium.By)&amp;quot; because &amp;quot;this.driver&amp;quot; is null">
      <![CDATA[java.lang.NullPointerException: Cannot invoke "org.openqa.selenium.WebDriver.findElement(org.openqa.selenium.By)" because "this.driver" is null
at pageObject.landingpage.searchItem(landingpage.java:18)
at stepdefinition.landingpagestepdefinition.user_searched_with_shortname_and_extracted_actual_name_of_product(landingpagestepdefinition.java:39)
at ✽.user searched with shortname Tom and extracted actual name of product(file:///D:/java/Cucumberrealtime/src/test/java/featurefile/featurefile.feature:6)
]]>
    </failure>
  </testcase> <!-- runScenario -->
  <testcase classname="io.cucumber.testng.AbstractTestNGCucumberTests" name="runScenario" time="0.332">
    <failure type="java.lang.NullPointerException" message="Cannot invoke &amp;quot;org.openqa.selenium.WebDriver.findElement(org.openqa.selenium.By)&amp;quot; because &amp;quot;this.driver&amp;quot; is null">
      <![CDATA[java.lang.NullPointerException: Cannot invoke "org.openqa.selenium.WebDriver.findElement(org.openqa.selenium.By)" because "this.driver" is null
at pageObject.landingpage.searchItem(landingpage.java:18)
at stepdefinition.landingpagestepdefinition.user_searched_with_shortname_and_extracted_actual_name_of_product(landingpagestepdefinition.java:39)
at ✽.user searched with shortname Pot and extracted actual name of product(file:///D:/java/Cucumberrealtime/src/test/java/featurefile/featurefile.feature:6)
]]>
    </failure>
  </testcase> <!-- runScenario -->
</testsuite> <!-- Surefire test -->
