<?xml version="1.0" encoding="UTF-8"?>
<testsuite xmlns:xsi="http://www.w3.org/2001/XMLSchema-instance" xsi:noNamespaceSchemaLocation="https://maven.apache.org/surefire/maven-surefire-plugin/xsd/surefire-test-report-3.0.xsd" version="3.0" name="cucumberoption.TestNGTestRunner" time="1.405" tests="2" errors="0" skipped="0" failures="2">
  <properties>
[...]
</properties>
  <testcase name="runScenario[&quot;Search experience in both home and offer page&quot;, &quot;Search the product and place the order for products&quot;](2)" classname="cucumberoption.TestNGTestRunner" time="0.335">
    <failure message="Cannot invoke &quot;org.openqa.selenium.WebDriver.findElement(org.openqa.selenium.By)&quot; because &quot;this.driver&quot; is null" type="java.lang.NullPointerException"><![CDATA[java.lang.NullPointerException: Cannot invoke "org.openqa.selenium.WebDriver.findElement(org.openqa.selenium.By)" because "this.driver" is null
	at pageObject.landingpage.searchItem(landingpage.java:18)
	at stepdefinition.landingpagestepdefinition.user_searched_with_shortname_and_extracted_actual_name_of_product(landingpagestepdefinition.java:39)
	at ✽.user searched with shortname Pot and extracted actual name of product(file:///D:/java/Cucumberrealtime/src/test/java/featurefile/featurefile.feature:6)
]]></failure>
    <system-out><![CDATA[chormechormechormechormechormechormechormechorme]]></system-out>
    <system-err><![CDATA[SLF4J: Failed to load class "org.slf4j.impl.StaticLoggerBinder".
SLF4J: Defaulting to no-operation (NOP) logger implementation
SLF4J: See http://www.slf4j.org/codes.html#StaticLoggerBinder for further details.
]]></system-err>
  </testcase>
  <testcase name="runScenario[&quot;Search experience in both home and offer page&quot;, &quot;Search the product and place the order for products&quot;](2)" classname="cucumberoption.TestNGTestRunner" time="0.339">
    <failure message="Cannot invoke &quot;org.openqa.selenium.WebDriver.findElement(org.openqa.selenium.By)&quot; because &quot;this.driver&quot; is null" type="java.lang.NullPointerException"><![CDATA[java.lang.NullPointerException: Cannot invoke "org.openqa.selenium.WebDriver.findElement(org.openqa.selenium.By)" because "this.driver" is null
	at pageObject.landingpage.searchItem(landingpage.java:18)
	at stepdefinition.landingpagestepdefinition.user_searched_with_shortname_and_extracted_actual_name_of_product(landingpagestepdefinition.java:39)
	at ✽.user searched with shortname Tom and extracted actual name of product(file:///D:/java/Cucumberrealtime/src/test/java/featurefile/featurefile.feature:6)
]]></failure>
  </testcase>
</testsuite>